This is pdfeTeX, Version 3.141592-1.21a-2.2 (Web2C 7.5.4) (format=latex 2011.7.26)  22 AUG 2012 17:12
entering extended mode
**EVLAObitScripts
(./EVLAObitScripts.tex
LaTeX2e <2003/12/01>
Babel <v3.8d> and hyphenation patterns for american, french, german, ngerman, b
ahasa, basque, bulgarian, catalan, croatian, czech, danish, dutch, esperanto, e
stonian, finnish, greek, icelandic, irish, italian, latin, magyar, norsk, polis
h, portuges, romanian, russian, serbian, slovak, slovene, spanish, swedish, tur
kish, ukrainian, nohyphenation, loaded.
(/usr/share/texmf/tex/latex/base/article.cls
Document Class: article 2004/02/16 v1.4f Standard LaTeX document class
(/usr/share/texmf/tex/latex/base/size11.clo
File: size11.clo 2004/02/16 v1.4f Standard LaTeX file (size option)
)
\c@part=\count79
\c@section=\count80
\c@subsection=\count81
\c@subsubsection=\count82
\c@paragraph=\count83
\c@subparagraph=\count84
\c@figure=\count85
\c@table=\count86
\abovecaptionskip=\skip41
\belowcaptionskip=\skip42
\bibindent=\dimen102
) (./EVLAObitScripts.aux)
\openout1 = `EVLAObitScripts.aux'.

LaTeX Font Info:    Checking defaults for OML/cmm/m/it on input line 3.
LaTeX Font Info:    ... okay on input line 3.
LaTeX Font Info:    Checking defaults for T1/cmr/m/n on input line 3.
LaTeX Font Info:    ... okay on input line 3.
LaTeX Font Info:    Checking defaults for OT1/cmr/m/n on input line 3.
LaTeX Font Info:    ... okay on input line 3.
LaTeX Font Info:    Checking defaults for OMS/cmsy/m/n on input line 3.
LaTeX Font Info:    ... okay on input line 3.
LaTeX Font Info:    Checking defaults for OMX/cmex/m/n on input line 3.
LaTeX Font Info:    ... okay on input line 3.
LaTeX Font Info:    Checking defaults for U/cmr/m/n on input line 3.
LaTeX Font Info:    ... okay on input line 3.
LaTeX Font Info:    Try loading font information for OMS+cmr on input line 38.

(/usr/share/texmf/tex/latex/base/omscmr.fd
File: omscmr.fd 1999/05/25 v2.5h Standard LaTeX font definitions
)
LaTeX Font Info:    Font shape `OMS/cmr/m/n' in size <10.95> not available
(Font)              Font shape `OMS/cmsy/m/n' tried instead on input line 38.

Overfull \hbox (9.22847pt too wide) in paragraph at lines 44--50
\OT1/cmr/m/n/10.95 Obit (http://www.cv.nrao.edu/ bcot-ton/Obit.html) are in-sta
lled on all NRAO
 []

[1

] [2]
Overfull \hbox (36.39047pt too wide) in paragraph at lines 122--128
\OT1/cmr/m/n/10.95 These dicts are cre-ated in the pa-ram-e-ter script by rou-t
ine EVLA-Cal.EVLACalModel
 []

[3] [4]
Overfull \hbox (25.16208pt too wide) in paragraph at lines 207--207
[]\OT1/cmtt/m/n/10.95 ############################# Initialize OBIT ###########
##########[] 
 []


Overfull \hbox (25.16208pt too wide) in paragraph at lines 207--207
[]\OT1/cmtt/m/n/10.95 DA00         = "/home/AIPS/DA00/"   # <==== set AIPS DA00
 directory[] 
 []


Overfull \hbox (13.6647pt too wide) in paragraph at lines 207--207
[]\OT1/cmtt/m/n/10.95 OBIT_EXEC    = "/export/data_1/obit/ObitInstall/ObitSyste
m/Obit/"[] 
 []


Overfull \hbox (59.6542pt too wide) in paragraph at lines 207--207
[]\OT1/cmtt/m/n/10.95 ObitTalkUtil.SetEnviron(AIPS_ROOT=AIPS_ROOT, AIPS_VERSION
=AIPS_VERSION, \[] 
 []


Overfull \hbox (48.15683pt too wide) in paragraph at lines 207--207
[]                        \OT1/cmtt/m/n/10.95 OBIT_EXEC=OBIT_EXEC, DA00=DA00, A
RCH="LINUX", \[] 
 []


Overfull \hbox (36.65945pt too wide) in paragraph at lines 207--207
[]\OT1/cmtt/m/n/10.95 nThreads    = 6                    # <====  Number of thr
eads allowed[] 
 []

[5] [6] [7]
Overfull \hbox (10.68846pt too wide) in paragraph at lines 300--303
\OT1/cmr/m/n/10.95 This step is per-formed from ObitTalk to gen-er-ate the pa-r
am-e-ter script(s). 
 []


Overfull \hbox (29.54239pt too wide) in paragraph at lines 307--307
 []\OT1/cmtt/m/n/10.95 >>> ASDMRoot = "/export/myData/12A-999.sb9332941.eb93605
88.../"[] 
 []

LaTeX Font Info:    External font `cmex10' loaded for size
(Font)              <10.95> on input line 315.
LaTeX Font Info:    External font `cmex10' loaded for size
(Font)              <8> on input line 315.
LaTeX Font Info:    External font `cmex10' loaded for size
(Font)              <6> on input line 315.

Overfull \hbox (78.04791pt too wide) in paragraph at lines 319--330
 [] 
 []

[8]
Overfull \hbox (67.5541pt too wide) in paragraph at lines 336--347
 [] 
 []


Overfull \hbox (107.4914pt too wide) in paragraph at lines 355--370
 [] 
 []


Overfull \hbox (126.22807pt too wide) in paragraph at lines 378--386
 [] 
 []

[9] [10]
Overfull \hbox (58.28583pt too wide) in paragraph at lines 457--457
 []     \OT1/cmtt/m/n/10.95 "IFs":[1,0],"Chans":[1,0],  "Stokes":'1111',"Reason
":"No Rcvr"}[] 
 []


Overfull \hbox (24.21043pt too wide) in paragraph at lines 474--482
 [] 
 []


Overfull \hbox (0.68007pt too wide) in paragraph at lines 484--488
\OT1/cmr/m/n/10.95 In the more com-pact EVLA con-fig-u-ra-tions, some an-ten-na
s may shadow
 []


Overfull \hbox (1.38597pt too wide) in paragraph at lines 484--488
\OT1/cmr/m/n/10.95 oth-ers at times. The af-fected data may be flagged us-ing A
IPS/UVFLG. 
 []


Overfull \hbox (41.97385pt too wide) in paragraph at lines 505--516
 [] 
 []

[11]
Overfull \hbox (4.28752pt too wide) in paragraph at lines 526--534
 [] 
 []


Overfull \hbox (17.51884pt too wide) in paragraph at lines 543--550
 [] 
 []

[12]
Overfull \hbox (21.62495pt too wide) in paragraph at lines 593--602
 [] 
 []

[13]
Overfull \hbox (96.4501pt too wide) in paragraph at lines 613--635
 [] 
 []

[14]
Overfull \hbox (108.22882pt too wide) in paragraph at lines 645--672
 [] 
 []

[15]
Overfull \hbox (28.18416pt too wide) in paragraph at lines 675--691
\OT1/cmr/m/n/10.95 parms["project"]+"[]"+parms["session"]+"[]"+parms["band"]+"A
PCal.ps". 
 []


Overfull \hbox (122.15222pt too wide) in paragraph at lines 692--714
 [] 
 []

[16]
Overfull \hbox (20.49968pt too wide) in paragraph at lines 724--741
 [] 
 []


Overfull \hbox (117.7418pt too wide) in paragraph at lines 763--782
 [] 
 []

[17]
Overfull \hbox (0.98547pt too wide) in paragraph at lines 784--786
\OT1/cmr/m/n/10.95 if XClip[0] is not None, cross po-lar-ized data with am-pli-
tudes $\OML/cmm/m/it/10.95 >$ \OT1/cmr/m/n/10.95 XClip[0]
 []


Overfull \hbox (10.27962pt too wide) in paragraph at lines 787--792
 [] 
 []


Underfull \hbox (badness 10000) in paragraph at lines 794--806

 []


Overfull \hbox (70.85446pt too wide) in paragraph at lines 807--825
 [] 
 []

[18]
Underfull \hbox (badness 10000) in paragraph at lines 827--842

 []


Overfull \hbox (77.53096pt too wide) in paragraph at lines 843--860
 [] 
 []

[19]
Overfull \hbox (35.63626pt too wide) in paragraph at lines 875--886
\OT1/cmr/m/n/10.95 parms["project"]+"[]"+parms["session"]+"[]"+parms["band"]+"R
LSpec2.ps" 
 []


Underfull \hbox (badness 10000) in paragraph at lines 875--886

 []


Overfull \hbox (70.85446pt too wide) in paragraph at lines 887--917
 [] 
 []

[20]
Overfull \hbox (10.27962pt too wide) in paragraph at lines 923--929
 [] 
 []


Overfull \hbox (0.48537pt too wide) in paragraph at lines 935--943
 [] 
 []


Overfull \hbox (29.12096pt too wide) in paragraph at lines 945--953
\OT1/cmr/m/n/10.95 All tar-gets are im-aged and de-con-volved us-ing Obit/Image
r or Obit/MFImage
 []


Overfull \hbox (92.46558pt too wide) in paragraph at lines 960--1003
 [] 
 []

[21] [22]
Underfull \hbox (badness 10000) in paragraph at lines 1006--1007

 []


Overfull \hbox (21.5033pt too wide) in paragraph at lines 1029--1037
 [] 
 []


Overfull \hbox (1.2045pt too wide) in paragraph at lines 1039--1045
\OT1/cmr/m/n/10.95 parms["project"]+"[]"+parms["session"]+"[]"+parms["band"] fo
l-lowed
 []


Overfull \hbox (1.2045pt too wide) in paragraph at lines 1054--1061
\OT1/cmr/m/n/10.95 parms["project"]+"[]"+parms["session"]+"[]"+parms["band"] fo
l-lowed
 []

[23]
Overfull \hbox (1.53304pt too wide) in paragraph at lines 1096--1102
\OT1/cmr/m/n/10.95 parms["project"]+parms["session"]+parms["band"]+"CalTab.uvta
b". 
 []


Overfull \hbox (13.7058pt too wide) in paragraph at lines 1113--1116
\OT1/cmr/m/n/10.95 have pre-fix parms["project"]+"[]"+parms["session"]+"[]"+par
ms["band"]
 []


Overfull \hbox (4.32121pt too wide) in paragraph at lines 1119--1122
\OT1/cmr/m/n/10.95 tial edit-ing and de-lay cal-i-bra-tion ap-plied. One set pe
r pass through
 []

[24]
Overfull \hbox (92.9413pt too wide) in paragraph at lines 1132--1134
\OT1/cmr/m/n/10.95 The source plots have pre-fix parms["project"]+"[]"+parms["s
ession"]+"[]"+parms["band"]
 []


Overfull \hbox (20.00208pt too wide) in paragraph at lines 1147--1153
\OT1/cmr/m/n/10.95 parms["project"]+"[]"+parms["session"]+"[]"+parms["band"]+".
log", and
 []


Overfull \hbox (40.50294pt too wide) in paragraph at lines 1147--1153
\OT1/cmr/m/n/10.95 parms["project"]+"[]"+parms["session"]+"[]"+parms["band"]+".
report.html". 
 []

[25] (./EVLAObitScripts.aux) ) 
Here is how much of TeX's memory you used:
 251 strings out of 94501
 2812 string characters out of 1176789
 57348 words of memory out of 1000000
 3493 multiletter control sequences out of 10000+50000
 8065 words of font info for 29 fonts, out of 500000 for 2000
 580 hyphenation exceptions out of 1000
 21i,7n,19p,133b,243s stack positions out of 1500i,500n,5000p,200000b,5000s

Output written on EVLAObitScripts.dvi (25 pages, 76144 bytes).
